<?xml version="1.0" encoding="UTF-8"?>
<testsuite name="com.example.domain.model.EmailTest" tests="3" skipped="0" failures="0" errors="0" timestamp="2025-11-29T10:41:28.928Z" hostname="AGAM" time="0.002">
  <properties/>
  <testcase name="should throw exception for invalid email format" classname="com.example.domain.model.EmailTest" time="0.001"/>
  <testcase name="should create email with valid format" classname="com.example.domain.model.EmailTest" time="0.0"/>
  <testcase name="should throw exception for empty email" classname="com.example.domain.model.EmailTest" time="0.0"/>
  <system-out><![CDATA[]]></system-out>
  <system-err><![CDATA[]]></system-err>
</testsuite>
